<?xml version="1.0" encoding="UTF-8"?>
<testng-results skipped="0" failed="0" ignored="0" total="1" passed="1">
  <reporter-output>
  </reporter-output>
  <suite name="Suite" duration-ms="6635" started-at="2020-12-08T03:44:27Z" finished-at="2020-12-08T03:44:34Z">
    <groups>
    </groups>
    <test name="Test" duration-ms="6635" started-at="2020-12-08T03:44:27Z" finished-at="2020-12-08T03:44:34Z">
      <class name="noman.TestNG">
        <test-method status="PASS" signature="method1()[pri:0, instance:noman.TestNG@1810399e]" name="method1" duration-ms="6610" started-at="2020-12-07T22:44:27Z" finished-at="2020-12-07T22:44:34Z">
          <reporter-output>
          </reporter-output>
        </test-method> <!-- method1 -->
      </class> <!-- noman.TestNG -->
    </test> <!-- Test -->
  </suite> <!-- Suite -->
</testng-results>
